Build started 16/03/2017 12:48:29.
     1>Project "D:\Year 2\P4G\git\P4G\Racer2\Racer2.vcxproj" on node 2 (Build target(s)).
     1>ClCompile:
         C:\Program Files (x86)\Microsoft Visual Studio 12.0\VC\bin\CL.exe /c /I..\..\..\DirectXTK\Inc /ZI /nologo /W3 /WX- /Od /Oy- /D WIN32 /D _DEBUG /D _WINDOWS /D _MBCS /Gm /EHsc /RTC1 /MDd /GS- /fp:precise /Zc:wchar_t /Zc:forScope /Fo"Debug\\" /Fd"Debug\vc120.pdb" /Gd /TP /analyze- /errorReport:prompt /wd4005 Level.cpp
         Level.cpp
     1>d:\year 2\p4g\git\p4g\racer2\level.cpp(74): warning C4244: '+=' : conversion from 'double' to 'float', possible loss of data
     1>d:\year 2\p4g\git\p4g\racer2\level.cpp(123): warning C4065: switch statement contains 'default' but no 'case' labels
     1>d:\year 2\p4g\git\p4g\racer2\level.cpp(132): warning C4244: 'argument' : conversion from 'const float' to 'unsigned int', possible loss of data
     1>d:\year 2\p4g\git\p4g\racer2\level.cpp(137): warning C4244: 'argument' : conversion from 'const float' to 'unsigned int', possible loss of data
     1>d:\year 2\p4g\git\p4g\racer2\level.cpp(138): warning C4244: 'argument' : conversion from 'const float' to 'unsigned int', possible loss of data
     1>d:\year 2\p4g\git\p4g\racer2\level.cpp(141): warning C4244: 'argument' : conversion from 'const float' to 'unsigned int', possible loss of data
     1>d:\year 2\p4g\git\p4g\racer2\level.cpp(142): warning C4244: 'argument' : conversion from 'const float' to 'unsigned int', possible loss of data
     1>d:\year 2\p4g\git\p4g\racer2\level.cpp(115): warning C4715: 'Level::createTile' : not all control paths return a value
       Link:
         C:\Program Files (x86)\Microsoft Visual Studio 12.0\VC\bin\link.exe /ERRORREPORT:PROMPT /OUT:"..\bin\P4G.exe" /INCREMENTAL /NOLOGO /LIBPATH:fmod/lib fmodex_vc.lib Xinput9_1_0.lib "assimp-vc120-mtd.lib" d3d11.lib kernel32.lib user32.lib gdi32.lib winspool.lib comdlg32.lib advapi32.lib shell32.lib ole32.lib oleaut32.lib uuid.lib odbc32.lib odbccp32.lib kernel32.lib user32.lib gdi32.lib winspool.lib comdlg32.lib advapi32.lib shell32.lib ole32.lib oleaut32.lib uuid.lib odbc32.lib odbccp32.lib /MANIFEST /MANIFESTUAC:"level='asInvoker' uiAccess='false'" /manifest:embed /DEBUG /PDB:"../bin/P4G.pdb" /SUBSYSTEM:WINDOWS /TLBID:1 /DYNAMICBASE /NXCOMPAT /IMPLIB:"../bin/P4G.lib" /MACHINE:X86 Debug\AudioMgr.obj
         Debug\AudioMgrFMOD.obj
         Debug\D3D.obj
         Debug\D3DUtil.obj
         Debug\Error.obj
         Debug\File.obj
         Debug\FX.obj
         Debug\Game.obj
         Debug\GeometryBuilder.obj
         Debug\Level.obj
         Debug\Input.obj
         Debug\LevelMGR.obj
         Debug\main.obj
         Debug\Mesh.obj
         Debug\Model.obj
         Debug\Player.obj
         Debug\ShaderTypes.obj
         Debug\Tile.obj
         Debug\TileFloor.obj
         Debug\TilePickup.obj
         Debug\Timer.obj
         Debug\UserInterface.obj
         Debug\UtilsDefines.obj
         Debug\WindowUtils.obj
         "D:\Year 2\P4G\DirectXTK\Bin\Desktop_2013\Win32\Debug\DirectXTK.lib"
         Racer2.vcxproj -> D:\Year 2\P4G\git\P4G\Racer2\../bin/P4G.exe
     1>Done Building Project "D:\Year 2\P4G\git\P4G\Racer2\Racer2.vcxproj" (Build target(s)).

Build succeeded.

Time Elapsed 00:00:06.04
